2024-06-07 11:03:07.570 [main] INFO  com.testcases.logintest - Launch chrome browser
2024-06-07 11:03:13.753 [main] INFO  com.testcases.etst1 - ** Start logintests
2024-06-07 11:03:13.753 [main] INFO  com.testcases.etst1 - enter username
2024-06-07 11:03:13.846 [main] INFO  com.pages.Login - performed Action on uname element
2024-06-07 11:03:13.846 [main] INFO  com.testcases.etst1 - enter Password
2024-06-07 11:03:13.908 [main] INFO  com.pages.Login - performed Action on password element
2024-06-07 11:03:13.994 [main] INFO  com.pages.Login - performed Action on lgnbutn element
2024-06-07 11:03:14.004 [main] INFO  com.testcases.etst1 - Title is Swag Labs
2024-06-07 11:03:14.005 [main] INFO  com.testcases.etst1 - Title is correct
2024-06-07 11:03:14.005 [main] INFO  com.testcases.etst1 - **END of the Login test
2024-06-07 12:15:32.433 [main] INFO  com.testcases.logintest - Launch chrome browser
2024-06-07 12:15:34.859 [main] INFO  com.testcases.etst1 - ** Start logintests
2024-06-07 12:15:34.860 [main] INFO  com.testcases.etst1 - enter username
2024-06-07 12:15:34.990 [main] INFO  com.pages.Login - performed Action on uname element
2024-06-07 12:15:34.990 [main] INFO  com.testcases.etst1 - enter Password
2024-06-07 12:15:35.042 [main] INFO  com.pages.Login - performed Action on password element
2024-06-07 12:15:35.111 [main] INFO  com.pages.Login - performed Action on lgnbutn element
2024-06-07 12:15:35.121 [main] INFO  com.testcases.etst1 - Title is Swag Labs
2024-06-07 12:15:35.121 [main] INFO  com.testcases.etst1 - Title is correct
2024-06-07 12:15:35.121 [main] INFO  com.testcases.etst1 - **END of the Login test
2024-06-07 12:55:11.330 [main] INFO  com.testcases.logintest - Launch chrome browser
2024-06-07 12:55:13.788 [main] INFO  com.testcases.etst1 - ** Start logintests
2024-06-07 12:55:13.788 [main] INFO  com.testcases.etst1 - enter username
2024-06-07 12:55:13.903 [main] INFO  com.pages.Login - performed Action on uname element
2024-06-07 12:55:13.904 [main] INFO  com.testcases.etst1 - enter Password
2024-06-07 12:55:13.965 [main] INFO  com.pages.Login - performed Action on password element
2024-06-07 12:55:14.042 [main] INFO  com.pages.Login - performed Action on lgnbutn element
2024-06-07 12:55:14.052 [main] INFO  com.testcases.etst1 - Title is Swag Labs
2024-06-07 12:55:14.052 [main] INFO  com.testcases.etst1 - Title is correct
2024-06-07 12:55:14.052 [main] INFO  com.testcases.etst1 - **END of the Login test
